<component name="libraryTable">
  <library name="junit-4.101">
    <CLASSES>
      <root url="jar://$PROJECT_DIR$/June/lib/junit-4.10.jar!/" />
    </CLASSES>
    <JAVADOC />
    <SOURCES />
  </library>
</component>